This is pdfTeX, Version 3.1415926-2.4-1.40.13 (MiKTeX 2.9 64-bit) (preloaded format=pdflatex 2013.11.17)  18 MAR 2015 19:58
entering extended mode
**Total_magnetization_estimation_diff.tex

(C:\Users\Vanderlei\Documents\Total-magnetization-of-spherical-bodies\Manuscrip
t\Total_magnetization_estimation_diff.tex
LaTeX2e <2011/06/27>
Babel <v3.8m> and hyphenation patterns for english, afrikaans, ancientgreek, ar
abic, armenian, assamese, basque, bengali, bokmal, bulgarian, catalan, coptic, 
croatian, czech, danish, dutch, esperanto, estonian, farsi, finnish, french, ga
lician, german, german-x-2012-05-30, greek, gujarati, hindi, hungarian, iceland
ic, indonesian, interlingua, irish, italian, kannada, kurmanji, latin, latvian,
 lithuanian, malayalam, marathi, mongolian, mongolianlmc, monogreek, ngerman, n
german-x-2012-05-30, nynorsk, oriya, panjabi, pinyin, polish, portuguese, roman
ian, russian, sanskrit, serbian, slovak, slovenian, spanish, swedish, swissgerm
an, tamil, telugu, turkish, turkmen, ukenglish, ukrainian, uppersorbian, usengl
ishmax, welsh, loaded.

(C:\Users\Vanderlei\Documents\Total-magnetization-of-spherical-bodies\Manuscrip
t\copernicus.cls
Document Class: copernicus 2013/01/29 5.0 (DS)
("C:\Program Files\MiKTeX 2.9\tex\latex\base\article.cls"
Document Class: article 2007/10/19 v1.4h Standard LaTeX document class
("C:\Program Files\MiKTeX 2.9\tex\latex\base\fleqn.clo"
File: fleqn.clo 1998/08/17 v1.1c Standard LaTeX option (flush left equations)
\mathindent=\dimen102
)
("C:\Program Files\MiKTeX 2.9\tex\latex\base\size10.clo"
File: size10.clo 2007/10/19 v1.4h Standard LaTeX file (size option)
)
\c@part=\count79
\c@section=\count80
\c@subsection=\count81
\c@subsubsection=\count82
\c@paragraph=\count83
\c@subparagraph=\count84
\c@figure=\count85
\c@table=\count86
\abovecaptionskip=\skip41
\belowcaptionskip=\skip42
\bibindent=\dimen103
)
("C:\Program Files\MiKTeX 2.9\tex\latex\base\inputenc.sty"
Package: inputenc 2008/03/30 v1.1d Input encoding file
\inpenc@prehook=\toks14
\inpenc@posthook=\toks15

("C:\Program Files\MiKTeX 2.9\tex\latex\base\utf8.def"
File: utf8.def 2008/04/05 v1.1m UTF-8 support for inputenc
Now handling font encoding OML ...
... no UTF-8 mapping file for font encoding OML
Now handling font encoding T1 ...
... processing UTF-8 mapping file for font encoding T1

("C:\Program Files\MiKTeX 2.9\tex\latex\base\t1enc.dfu"
File: t1enc.dfu 2008/04/05 v1.1m UTF-8 support for inputenc
   defining Unicode char U+00A1 (decimal 161)
   defining Unicode char U+00A3 (decimal 163)
   defining Unicode char U+00AB (decimal 171)
   defining Unicode char U+00BB (decimal 187)
   defining Unicode char U+00BF (decimal 191)
   defining Unicode char U+00C0 (decimal 192)
   defining Unicode char U+00C1 (decimal 193)
   defining Unicode char U+00C2 (decimal 194)
   defining Unicode char U+00C3 (decimal 195)
   defining Unicode char U+00C4 (decimal 196)
   defining Unicode char U+00C5 (decimal 197)
   defining Unicode char U+00C6 (decimal 198)
   defining Unicode char U+00C7 (decimal 199)
   defining Unicode char U+00C8 (decimal 200)
   defining Unicode char U+00C9 (decimal 201)
   defining Unicode char U+00CA (decimal 202)
   defining Unicode char U+00CB (decimal 203)
   defining Unicode char U+00CC (decimal 204)
   defining Unicode char U+00CD (decimal 205)
   defining Unicode char U+00CE (decimal 206)
   defining Unicode char U+00CF (decimal 207)
   defining Unicode char U+00D0 (decimal 208)
   defining Unicode char U+00D1 (decimal 209)
   defining Unicode char U+00D2 (decimal 210)
   defining Unicode char U+00D3 (decimal 211)
   defining Unicode char U+00D4 (decimal 212)
   defining Unicode char U+00D5 (decimal 213)
   defining Unicode char U+00D6 (decimal 214)
   defining Unicode char U+00D8 (decimal 216)
   defining Unicode char U+00D9 (decimal 217)
   defining Unicode char U+00DA (decimal 218)
   defining Unicode char U+00DB (decimal 219)
   defining Unicode char U+00DC (decimal 220)
   defining Unicode char U+00DD (decimal 221)
   defining Unicode char U+00DE (decimal 222)
   defining Unicode char U+00DF (decimal 223)
   defining Unicode char U+00E0 (decimal 224)
   defining Unicode char U+00E1 (decimal 225)
   defining Unicode char U+00E2 (decimal 226)
   defining Unicode char U+00E3 (decimal 227)
   defining Unicode char U+00E4 (decimal 228)
   defining Unicode char U+00E5 (decimal 229)
   defining Unicode char U+00E6 (decimal 230)
   defining Unicode char U+00E7 (decimal 231)
   defining Unicode char U+00E8 (decimal 232)
   defining Unicode char U+00E9 (decimal 233)
   defining Unicode char U+00EA (decimal 234)
   defining Unicode char U+00EB (decimal 235)
   defining Unicode char U+00EC (decimal 236)
   defining Unicode char U+00ED (decimal 237)
   defining Unicode char U+00EE (decimal 238)
   defining Unicode char U+00EF (decimal 239)
   defining Unicode char U+00F0 (decimal 240)
   defining Unicode char U+00F1 (decimal 241)
   defining Unicode char U+00F2 (decimal 242)
   defining Unicode char U+00F3 (decimal 243)
   defining Unicode char U+00F4 (decimal 244)
   defining Unicode char U+00F5 (decimal 245)
   defining Unicode char U+00F6 (decimal 246)
   defining Unicode char U+00F8 (decimal 248)
   defining Unicode char U+00F9 (decimal 249)
   defining Unicode char U+00FA (decimal 250)
   defining Unicode char U+00FB (decimal 251)
   defining Unicode char U+00FC (decimal 252)
   defining Unicode char U+00FD (decimal 253)
   defining Unicode char U+00FE (decimal 254)
   defining Unicode char U+00FF (decimal 255)
   defining Unicode char U+0102 (decimal 258)
   defining Unicode char U+0103 (decimal 259)
   defining Unicode char U+0104 (decimal 260)
   defining Unicode char U+0105 (decimal 261)
   defining Unicode char U+0106 (decimal 262)
   defining Unicode char U+0107 (decimal 263)
   defining Unicode char U+010C (decimal 268)
   defining Unicode char U+010D (decimal 269)
   defining Unicode char U+010E (decimal 270)
   defining Unicode char U+010F (decimal 271)
   defining Unicode char U+0110 (decimal 272)
   defining Unicode char U+0111 (decimal 273)
   defining Unicode char U+0118 (decimal 280)
   defining Unicode char U+0119 (decimal 281)
   defining Unicode char U+011A (decimal 282)
   defining Unicode char U+011B (decimal 283)
   defining Unicode char U+011E (decimal 286)
   defining Unicode char U+011F (decimal 287)
   defining Unicode char U+0130 (decimal 304)
   defining Unicode char U+0131 (decimal 305)
   defining Unicode char U+0132 (decimal 306)
   defining Unicode char U+0133 (decimal 307)
   defining Unicode char U+0139 (decimal 313)
   defining Unicode char U+013A (decimal 314)
   defining Unicode char U+013D (decimal 317)
   defining Unicode char U+013E (decimal 318)
   defining Unicode char U+0141 (decimal 321)
   defining Unicode char U+0142 (decimal 322)
   defining Unicode char U+0143 (decimal 323)
   defining Unicode char U+0144 (decimal 324)
   defining Unicode char U+0147 (decimal 327)
   defining Unicode char U+0148 (decimal 328)
   defining Unicode char U+014A (decimal 330)
   defining Unicode char U+014B (decimal 331)
   defining Unicode char U+0150 (decimal 336)
   defining Unicode char U+0151 (decimal 337)
   defining Unicode char U+0152 (decimal 338)
   defining Unicode char U+0153 (decimal 339)
   defining Unicode char U+0154 (decimal 340)
   defining Unicode char U+0155 (decimal 341)
   defining Unicode char U+0158 (decimal 344)
   defining Unicode char U+0159 (decimal 345)
   defining Unicode char U+015A (decimal 346)
   defining Unicode char U+015B (decimal 347)
   defining Unicode char U+015E (decimal 350)
   defining Unicode char U+015F (decimal 351)
   defining Unicode char U+0160 (decimal 352)
   defining Unicode char U+0161 (decimal 353)
   defining Unicode char U+0162 (decimal 354)
   defining Unicode char U+0163 (decimal 355)
   defining Unicode char U+0164 (decimal 356)
   defining Unicode char U+0165 (decimal 357)
   defining Unicode char U+016E (decimal 366)
   defining Unicode char U+016F (decimal 367)
   defining Unicode char U+0170 (decimal 368)
   defining Unicode char U+0171 (decimal 369)
   defining Unicode char U+0178 (decimal 376)
   defining Unicode char U+0179 (decimal 377)
   defining Unicode char U+017A (decimal 378)
   defining Unicode char U+017B (decimal 379)
   defining Unicode char U+017C (decimal 380)
   defining Unicode char U+017D (decimal 381)
   defining Unicode char U+017E (decimal 382)
   defining Unicode char U+200C (decimal 8204)
   defining Unicode char U+2013 (decimal 8211)
   defining Unicode char U+2014 (decimal 8212)
   defining Unicode char U+2018 (decimal 8216)
   defining Unicode char U+2019 (decimal 8217)
   defining Unicode char U+201A (decimal 8218)
   defining Unicode char U+201C (decimal 8220)
   defining Unicode char U+201D (decimal 8221)
   defining Unicode char U+201E (decimal 8222)
   defining Unicode char U+2030 (decimal 8240)
   defining Unicode char U+2031 (decimal 8241)
   defining Unicode char U+2039 (decimal 8249)
   defining Unicode char U+203A (decimal 8250)
   defining Unicode char U+2423 (decimal 9251)
)
Now handling font encoding OT1 ...
... processing UTF-8 mapping file for font encoding OT1

("C:\Program Files\MiKTeX 2.9\tex\latex\base\ot1enc.dfu"
File: ot1enc.dfu 2008/04/05 v1.1m UTF-8 support for inputenc
   defining Unicode char U+00A1 (decimal 161)
   defining Unicode char U+00A3 (decimal 163)
   defining Unicode char U+00B8 (decimal 184)
   defining Unicode char U+00BF (decimal 191)
   defining Unicode char U+00C5 (decimal 197)
   defining Unicode char U+00C6 (decimal 198)
   defining Unicode char U+00D8 (decimal 216)
   defining Unicode char U+00DF (decimal 223)
   defining Unicode char U+00E6 (decimal 230)
   defining Unicode char U+00EC (decimal 236)
   defining Unicode char U+00ED (decimal 237)
   defining Unicode char U+00EE (decimal 238)
   defining Unicode char U+00EF (decimal 239)
   defining Unicode char U+00F8 (decimal 248)
   defining Unicode char U+0131 (decimal 305)
   defining Unicode char U+0141 (decimal 321)
   defining Unicode char U+0142 (decimal 322)
   defining Unicode char U+0152 (decimal 338)
   defining Unicode char U+0153 (decimal 339)
   defining Unicode char U+2013 (decimal 8211)
   defining Unicode char U+2014 (decimal 8212)
   defining Unicode char U+2018 (decimal 8216)
   defining Unicode char U+2019 (decimal 8217)
   defining Unicode char U+201C (decimal 8220)
   defining Unicode char U+201D (decimal 8221)
)
Now handling font encoding OMS ...
... processing UTF-8 mapping file for font encoding OMS

("C:\Program Files\MiKTeX 2.9\tex\latex\base\omsenc.dfu"
File: omsenc.dfu 2008/04/05 v1.1m UTF-8 support for inputenc
   defining Unicode char U+00A7 (decimal 167)
   defining Unicode char U+00B6 (decimal 182)
   defining Unicode char U+00B7 (decimal 183)
   defining Unicode char U+2020 (decimal 8224)
   defining Unicode char U+2021 (decimal 8225)
   defining Unicode char U+2022 (decimal 8226)
)
Now handling font encoding OMX ...
... no UTF-8 mapping file for font encoding OMX
Now handling font encoding U ...
... no UTF-8 mapping file for font encoding U
   defining Unicode char U+00A9 (decimal 169)
   defining Unicode char U+00AA (decimal 170)
   defining Unicode char U+00AE (decimal 174)
   defining Unicode char U+00BA (decimal 186)
   defining Unicode char U+02C6 (decimal 710)
   defining Unicode char U+02DC (decimal 732)
   defining Unicode char U+200C (decimal 8204)
   defining Unicode char U+2026 (decimal 8230)
   defining Unicode char U+2122 (decimal 8482)
   defining Unicode char U+2423 (decimal 9251)
))
("C:\Program Files\MiKTeX 2.9\tex\latex\graphics\graphicx.sty"
Package: graphicx 1999/02/16 v1.0f Enhanced LaTeX Graphics (DPC,SPQR)

("C:\Program Files\MiKTeX 2.9\tex\latex\graphics\keyval.sty"
Package: keyval 1999/03/16 v1.13 key=value parser (DPC)
\KV@toks@=\toks16
)
("C:\Program Files\MiKTeX 2.9\tex\latex\graphics\graphics.sty"
Package: graphics 2009/02/05 v1.0o Standard LaTeX Graphics (DPC,SPQR)

("C:\Program Files\MiKTeX 2.9\tex\latex\graphics\trig.sty"
Package: trig 1999/03/16 v1.09 sin cos tan (DPC)
)
("C:\Program Files\MiKTeX 2.9\tex\latex\00miktex\graphics.cfg"
File: graphics.cfg 2007/01/18 v1.5 graphics configuration of teTeX/TeXLive
)
Package graphics Info: Driver file: pdftex.def on input line 91.

("C:\Program Files\MiKTeX 2.9\tex\latex\pdftex-def\pdftex.def"
File: pdftex.def 2011/05/27 v0.06d Graphics/color for pdfTeX

("C:\Program Files\MiKTeX 2.9\tex\generic\oberdiek\infwarerr.sty"
Package: infwarerr 2010/04/08 v1.3 Providing info/warning/error messages (HO)
)
("C:\Program Files\MiKTeX 2.9\tex\generic\oberdiek\ltxcmds.sty"
Package: ltxcmds 2011/11/09 v1.22 LaTeX kernel commands for general use (HO)
)
\Gread@gobject=\count87
))
\Gin@req@height=\dimen104
\Gin@req@width=\dimen105
)
("C:\Program Files\MiKTeX 2.9\tex\latex\ltxmisc\url.sty"
\Urlmuskip=\muskip10
Package: url 2006/04/12  ver 3.3  Verb mode for urls, etc.
)
("C:\Program Files\MiKTeX 2.9\tex\latex\base\textcomp.sty"
Package: textcomp 2005/09/27 v1.99g Standard LaTeX package
Package textcomp Info: Sub-encoding information:
(textcomp)               5 = only ISO-Adobe without \textcurrency
(textcomp)               4 = 5 + \texteuro
(textcomp)               3 = 4 + \textohm
(textcomp)               2 = 3 + \textestimated + \textcurrency
(textcomp)               1 = TS1 - \textcircled - \t
(textcomp)               0 = TS1 (full)
(textcomp)             Font families with sub-encoding setting implement
(textcomp)             only a restricted character set as indicated.
(textcomp)             Family '?' is the default used for unknown fonts.
(textcomp)             See the documentation for details.
Package textcomp Info: Setting ? sub-encoding to TS1/1 on input line 71.

("C:\Program Files\MiKTeX 2.9\tex\latex\base\ts1enc.def"
File: ts1enc.def 2001/06/05 v3.0e (jk/car/fm) Standard LaTeX file
Now handling font encoding TS1 ...
... processing UTF-8 mapping file for font encoding TS1

("C:\Program Files\MiKTeX 2.9\tex\latex\base\ts1enc.dfu"
File: ts1enc.dfu 2008/04/05 v1.1m UTF-8 support for inputenc
   defining Unicode char U+00A2 (decimal 162)
   defining Unicode char U+00A3 (decimal 163)
   defining Unicode char U+00A4 (decimal 164)
   defining Unicode char U+00A5 (decimal 165)
   defining Unicode char U+00A6 (decimal 166)
   defining Unicode char U+00A7 (decimal 167)
   defining Unicode char U+00A8 (decimal 168)
   defining Unicode char U+00A9 (decimal 169)
   defining Unicode char U+00AA (decimal 170)
   defining Unicode char U+00AC (decimal 172)
   defining Unicode char U+00AE (decimal 174)
   defining Unicode char U+00AF (decimal 175)
   defining Unicode char U+00B0 (decimal 176)
   defining Unicode char U+00B1 (decimal 177)
   defining Unicode char U+00B2 (decimal 178)
   defining Unicode char U+00B3 (decimal 179)
   defining Unicode char U+00B4 (decimal 180)
   defining Unicode char U+00B5 (decimal 181)
   defining Unicode char U+00B6 (decimal 182)
   defining Unicode char U+00B7 (decimal 183)
   defining Unicode char U+00B9 (decimal 185)
   defining Unicode char U+00BA (decimal 186)
   defining Unicode char U+00BC (decimal 188)
   defining Unicode char U+00BD (decimal 189)
   defining Unicode char U+00BE (decimal 190)
   defining Unicode char U+00D7 (decimal 215)
   defining Unicode char U+00F7 (decimal 247)
   defining Unicode char U+0192 (decimal 402)
   defining Unicode char U+02C7 (decimal 711)
   defining Unicode char U+02D8 (decimal 728)
   defining Unicode char U+02DD (decimal 733)
   defining Unicode char U+0E3F (decimal 3647)
   defining Unicode char U+2016 (decimal 8214)
   defining Unicode char U+2020 (decimal 8224)
   defining Unicode char U+2021 (decimal 8225)
   defining Unicode char U+2022 (decimal 8226)
   defining Unicode char U+2030 (decimal 8240)
   defining Unicode char U+2031 (decimal 8241)
   defining Unicode char U+203B (decimal 8251)
   defining Unicode char U+203D (decimal 8253)
   defining Unicode char U+2044 (decimal 8260)
   defining Unicode char U+204E (decimal 8270)
   defining Unicode char U+2052 (decimal 8274)
   defining Unicode char U+20A1 (decimal 8353)
   defining Unicode char U+20A4 (decimal 8356)
   defining Unicode char U+20A6 (decimal 8358)
   defining Unicode char U+20A9 (decimal 8361)
   defining Unicode char U+20AB (decimal 8363)
   defining Unicode char U+20AC (decimal 8364)
   defining Unicode char U+20B1 (decimal 8369)
   defining Unicode char U+2103 (decimal 8451)
   defining Unicode char U+2116 (decimal 8470)
   defining Unicode char U+2117 (decimal 8471)
   defining Unicode char U+211E (decimal 8478)
   defining Unicode char U+2120 (decimal 8480)
   defining Unicode char U+2122 (decimal 8482)
   defining Unicode char U+2126 (decimal 8486)
   defining Unicode char U+2127 (decimal 8487)
   defining Unicode char U+212E (decimal 8494)
   defining Unicode char U+2190 (decimal 8592)
   defining Unicode char U+2191 (decimal 8593)
   defining Unicode char U+2192 (decimal 8594)
   defining Unicode char U+2193 (decimal 8595)
   defining Unicode char U+2329 (decimal 9001)
   defining Unicode char U+232A (decimal 9002)
   defining Unicode char U+2422 (decimal 9250)
   defining Unicode char U+25E6 (decimal 9702)
   defining Unicode char U+25EF (decimal 9711)
   defining Unicode char U+266A (decimal 9834)
))
LaTeX Info: Redefining \oldstylenums on input line 266.
Package textcomp Info: Setting cmr sub-encoding to TS1/0 on input line 281.
Package textcomp Info: Setting cmss sub-encoding to TS1/0 on input line 282.
Package textcomp Info: Setting cmtt sub-encoding to TS1/0 on input line 283.
Package textcomp Info: Setting cmvtt sub-encoding to TS1/0 on input line 284.
Package textcomp Info: Setting cmbr sub-encoding to TS1/0 on input line 285.
Package textcomp Info: Setting cmtl sub-encoding to TS1/0 on input line 286.
Package textcomp Info: Setting ccr sub-encoding to TS1/0 on input line 287.
Package textcomp Info: Setting ptm sub-encoding to TS1/4 on input line 288.
Package textcomp Info: Setting pcr sub-encoding to TS1/4 on input line 289.
Package textcomp Info: Setting phv sub-encoding to TS1/4 on input line 290.
Package textcomp Info: Setting ppl sub-encoding to TS1/3 on input line 291.
Package textcomp Info: Setting pag sub-encoding to TS1/4 on input line 292.
Package textcomp Info: Setting pbk sub-encoding to TS1/4 on input line 293.
Package textcomp Info: Setting pnc sub-encoding to TS1/4 on input line 294.
Package textcomp Info: Setting pzc sub-encoding to TS1/4 on input line 295.
Package textcomp Info: Setting bch sub-encoding to TS1/4 on input line 296.
Package textcomp Info: Setting put sub-encoding to TS1/5 on input line 297.
Package textcomp Info: Setting uag sub-encoding to TS1/5 on input line 298.
Package textcomp Info: Setting ugq sub-encoding to TS1/5 on input line 299.
Package textcomp Info: Setting ul8 sub-encoding to TS1/4 on input line 300.
Package textcomp Info: Setting ul9 sub-encoding to TS1/4 on input line 301.
Package textcomp Info: Setting augie sub-encoding to TS1/5 on input line 302.
Package textcomp Info: Setting dayrom sub-encoding to TS1/3 on input line 303.
Package textcomp Info: Setting dayroms sub-encoding to TS1/3 on input line 304.

Package textcomp Info: Setting pxr sub-encoding to TS1/0 on input line 305.
Package textcomp Info: Setting pxss sub-encoding to TS1/0 on input line 306.
Package textcomp Info: Setting pxtt sub-encoding to TS1/0 on input line 307.
Package textcomp Info: Setting txr sub-encoding to TS1/0 on input line 308.
Package textcomp Info: Setting txss sub-encoding to TS1/0 on input line 309.
Package textcomp Info: Setting txtt sub-encoding to TS1/0 on input line 310.
Package textcomp Info: Setting lmr sub-encoding to TS1/0 on input line 311.
Package textcomp Info: Setting lmdh sub-encoding to TS1/0 on input line 312.
Package textcomp Info: Setting lmss sub-encoding to TS1/0 on input line 313.
Package textcomp Info: Setting lmssq sub-encoding to TS1/0 on input line 314.
Package textcomp Info: Setting lmvtt sub-encoding to TS1/0 on input line 315.
Package textcomp Info: Setting qhv sub-encoding to TS1/0 on input line 316.
Package textcomp Info: Setting qag sub-encoding to TS1/0 on input line 317.
Package textcomp Info: Setting qbk sub-encoding to TS1/0 on input line 318.
Package textcomp Info: Setting qcr sub-encoding to TS1/0 on input line 319.
Package textcomp Info: Setting qcs sub-encoding to TS1/0 on input line 320.
Package textcomp Info: Setting qpl sub-encoding to TS1/0 on input line 321.
Package textcomp Info: Setting qtm sub-encoding to TS1/0 on input line 322.
Package textcomp Info: Setting qzc sub-encoding to TS1/0 on input line 323.
Package textcomp Info: Setting qhvc sub-encoding to TS1/0 on input line 324.
Package textcomp Info: Setting futs sub-encoding to TS1/4 on input line 325.
Package textcomp Info: Setting futx sub-encoding to TS1/4 on input line 326.
Package textcomp Info: Setting futj sub-encoding to TS1/4 on input line 327.
Package textcomp Info: Setting hlh sub-encoding to TS1/3 on input line 328.
Package textcomp Info: Setting hls sub-encoding to TS1/3 on input line 329.
Package textcomp Info: Setting hlst sub-encoding to TS1/3 on input line 330.
Package textcomp Info: Setting hlct sub-encoding to TS1/5 on input line 331.
Package textcomp Info: Setting hlx sub-encoding to TS1/5 on input line 332.
Package textcomp Info: Setting hlce sub-encoding to TS1/5 on input line 333.
Package textcomp Info: Setting hlcn sub-encoding to TS1/5 on input line 334.
Package textcomp Info: Setting hlcw sub-encoding to TS1/5 on input line 335.
Package textcomp Info: Setting hlcf sub-encoding to TS1/5 on input line 336.
Package textcomp Info: Setting pplx sub-encoding to TS1/3 on input line 337.
Package textcomp Info: Setting pplj sub-encoding to TS1/3 on input line 338.
Package textcomp Info: Setting ptmx sub-encoding to TS1/4 on input line 339.
Package textcomp Info: Setting ptmj sub-encoding to TS1/4 on input line 340.
)
("C:\Program Files\MiKTeX 2.9\tex\latex\psnfss\times.sty"
Package: times 2005/04/12 PSNFSS-v9.2a (SPQR) 
)
("C:\Program Files\MiKTeX 2.9\tex\latex\fix2col\fix2col.sty"
Package: fix2col 1998/08/17 v0.03 Output Routine fixes for two column mode (DPC
,FMi)
)
("C:\Program Files\MiKTeX 2.9\tex\latex\amsfonts\amssymb.sty"
Package: amssymb 2013/01/14 v3.01 AMS font symbols

("C:\Program Files\MiKTeX 2.9\tex\latex\amsfonts\amsfonts.sty"
Package: amsfonts 2013/01/14 v3.01 Basic AMSFonts support
\@emptytoks=\toks17
\symAMSa=\mathgroup4
\symAMSb=\mathgroup5
LaTeX Font Info:    Overwriting math alphabet `\mathfrak' in version `bold'
(Font)                  U/euf/m/n --> U/euf/b/n on input line 106.
))
("C:\Program Files\MiKTeX 2.9\tex\latex\amsmath\amsmath.sty"
Package: amsmath 2013/01/14 v2.14 AMS math features
\@mathmargin=\skip43

For additional information on amsmath, use the `?' option.
("C:\Program Files\MiKTeX 2.9\tex\latex\amsmath\amstext.sty"
Package: amstext 2000/06/29 v2.01

("C:\Program Files\MiKTeX 2.9\tex\latex\amsmath\amsgen.sty"
File: amsgen.sty 1999/11/30 v2.0
\@emptytoks=\toks18
\ex@=\dimen106
))
("C:\Program Files\MiKTeX 2.9\tex\latex\amsmath\amsbsy.sty"
Package: amsbsy 1999/11/29 v1.2d
\pmbraise@=\dimen107
)
("C:\Program Files\MiKTeX 2.9\tex\latex\amsmath\amsopn.sty"
Package: amsopn 1999/12/14 v2.01 operator names
)
\inf@bad=\count88
LaTeX Info: Redefining \frac on input line 210.
\uproot@=\count89
\leftroot@=\count90
LaTeX Info: Redefining \overline on input line 306.
\classnum@=\count91
\DOTSCASE@=\count92
LaTeX Info: Redefining \ldots on input line 378.
LaTeX Info: Redefining \dots on input line 381.
LaTeX Info: Redefining \cdots on input line 466.
\Mathstrutbox@=\box26
\strutbox@=\box27
\big@size=\dimen108
LaTeX Font Info:    Redeclaring font encoding OML on input line 566.
LaTeX Font Info:    Redeclaring font encoding OMS on input line 567.
\macc@depth=\count93
\c@MaxMatrixCols=\count94
\dotsspace@=\muskip11
\c@parentequation=\count95
\dspbrk@lvl=\count96
\tag@help=\toks19
\row@=\count97
\column@=\count98
\maxfields@=\count99
\andhelp@=\toks20
\eqnshift@=\dimen109
\alignsep@=\dimen110
\tagshift@=\dimen111
\tagwidth@=\dimen112
\totwidth@=\dimen113
\lineht@=\dimen114
\@envbody=\toks21
\multlinegap=\skip44
\multlinetaggap=\skip45
\mathdisplay@stack=\toks22
LaTeX Info: Redefining \[ on input line 2665.
LaTeX Info: Redefining \] on input line 2666.
)
("C:\Program Files\MiKTeX 2.9\tex\latex\bezos\accents.sty"
Package: accents 2006/05/12 v1.3 Math Accent Tools
\cc@skew=\dimen115
\cc@wd=\dimen116
\cc@code=\count100
\cc@group=\count101
\cc@skewchar=\count102
)
("C:\Program Files\MiKTeX 2.9\tex\latex\base\ifthen.sty"
Package: ifthen 2001/05/26 v1.1c Standard LaTeX ifthen package (DPC)
)
("C:\Program Files\MiKTeX 2.9\tex\latex\tools\array.sty"
Package: array 2008/09/09 v2.4c Tabular extension package (FMi)
\col@sep=\dimen117
\extrarowheight=\dimen118
\NC@list=\toks23
\extratabsurround=\skip46
\backup@length=\skip47
)
("C:\Program Files\MiKTeX 2.9\tex\latex\multirow\multirow.sty"
\bigstrutjot=\dimen119
)
("C:\Program Files\MiKTeX 2.9\tex\latex\tools\multicol.sty"
Package: multicol 2011/06/27 v1.7a multicolumn formatting (FMi)
\c@tracingmulticols=\count103
\mult@box=\box28
\multicol@leftmargin=\dimen120
\c@unbalance=\count104
\c@collectmore=\count105
\doublecol@number=\count106
\multicoltolerance=\count107
\multicolpretolerance=\count108
\full@width=\dimen121
\page@free=\dimen122
\premulticols=\dimen123
\postmulticols=\dimen124
\multicolsep=\skip48
\multicolbaselineskip=\skip49
\partial@page=\box29
\last@line=\box30
\mult@rightbox=\box31
\mult@grightbox=\box32
\mult@gfirstbox=\box33
\mult@firstbox=\box34
\@tempa=\box35
\@tempa=\box36
\@tempa=\box37
\@tempa=\box38
\@tempa=\box39
\@tempa=\box40
\@tempa=\box41
\@tempa=\box42
\@tempa=\box43
\@tempa=\box44
\@tempa=\box45
\@tempa=\box46
\@tempa=\box47
\@tempa=\box48
\@tempa=\box49
\@tempa=\box50
\@tempa=\box51
\c@columnbadness=\count109
\c@finalcolumnbadness=\count110
\last@try=\dimen125
\multicolovershoot=\dimen126
\multicolundershoot=\dimen127
\mult@nat@firstbox=\box52
\colbreak@box=\box53
\multicol@sort@counter=\count111
)
("C:\Program Files\MiKTeX 2.9\tex\latex\lineno\lineno.sty"
Package: lineno 2005/11/02 line numbers on paragraphs v4.41
\linenopenalty=\count112
\output=\toks24
\linenoprevgraf=\count113
\linenumbersep=\dimen128
\linenumberwidth=\dimen129
\c@linenumber=\count114
\c@pagewiselinenumber=\count115
\c@LN@truepage=\count116


Package lineno Warning: Option [displaymath] is obsolete -- default now!.

\c@internallinenumber=\count117
\c@internallinenumbers=\count118
\quotelinenumbersep=\dimen130
\bframerule=\dimen131
\bframesep=\dimen132
\bframebox=\box54
LaTeX Info: Redefining \\ on input line 3056.
)
LaTeX Info: Redefining \vec on input line 659.
\c@reaction=\count119
LaTeX Info: Redefining \sqrt on input line 807.
\@rxcnt=\count120
\@rxpen=\count121
\@centering=\skip50
 ("C:\Program Files\MiKTeX 2.9\tex\latex\subfloat\subfloat.sty"
Package: subfloat 2003/08/21 version 2.14

Package `subfloat', Version 2.14 of 2003/08/21.

Package subfloat Warning: Numbers of floats not counted:
(subfloat)                If you use one of the counters subfloatfiguremax or
(subfloat)                subfloattablemax you will get strange error messages
(subfloat)                containing \c@subfloatfiguremax or
(subfloat)                \c@subfloattablemax:
(subfloat)                Please switch on countmax or remove the code using
(subfloat)                the counter then..

)
\affilsep=\skip51
\@affilsep=\skip52
\c@Maxaffil=\count122
\c@authors=\count123
\c@affil=\count124

(C:\Users\Vanderlei\Documents\Total-magnetization-of-spherical-bodies\Manuscrip
t\natbib.sty
Package: natbib 2006/09/06 7.4a (PWD)
\bibhang=\skip53
\bibsep=\skip54
LaTeX Info: Redefining \cite on input line 541.
\c@NAT@ctr=\count125
)
\oldvsize=\dimen133
\tabularwidth=\dimen134
\c@CEnote=\count126
\c@TSnote=\count127
\CEnotes=\toks25
\TSnotes=\toks26
) ("C:\Program Files\MiKTeX 2.9\tex\latex\ulem\ulem.sty"
\UL@box=\box55
\UL@hyphenbox=\box56
\UL@skip=\skip55
\UL@hook=\toks27
\UL@height=\dimen135
\UL@pe=\count128
\UL@pixel=\dimen136
\ULC@box=\box57
Package: ulem 2012/05/18
\ULdepth=\dimen137
)
("C:\Program Files\MiKTeX 2.9\tex\latex\graphics\color.sty"
Package: color 2005/11/14 v1.0j Standard LaTeX Color (DPC)

("C:\Program Files\MiKTeX 2.9\tex\latex\00miktex\color.cfg"
File: color.cfg 2007/01/18 v1.5 color configuration of teTeX/TeXLive
)
Package color Info: Driver file: pdftex.def on input line 130.
)

LaTeX Warning: Unused global option(s):
    [journalabbreviation].


(C:\Users\Vanderlei\Documents\Total-magnetization-of-spherical-bodies\Manuscrip
t\Total_magnetization_estimation_diff.aux)
LaTeX Font Info:    Checking defaults for OML/cmm/m/it on input line 28.
LaTeX Font Info:    ... okay on input line 28.
LaTeX Font Info:    Checking defaults for T1/cmr/m/n on input line 28.
LaTeX Font Info:    ... okay on input line 28.
LaTeX Font Info:    Checking defaults for OT1/cmr/m/n on input line 28.
LaTeX Font Info:    ... okay on input line 28.
LaTeX Font Info:    Checking defaults for OMS/cmsy/m/n on input line 28.
LaTeX Font Info:    ... okay on input line 28.
LaTeX Font Info:    Checking defaults for OMX/cmex/m/n on input line 28.
LaTeX Font Info:    ... okay on input line 28.
LaTeX Font Info:    Checking defaults for U/cmr/m/n on input line 28.
LaTeX Font Info:    ... okay on input line 28.
LaTeX Font Info:    Checking defaults for TS1/cmr/m/n on input line 28.
LaTeX Font Info:    Try loading font information for TS1+cmr on input line 28.

("C:\Program Files\MiKTeX 2.9\tex\latex\base\ts1cmr.fd"
File: ts1cmr.fd 1999/05/25 v2.5h Standard LaTeX font definitions
)
LaTeX Font Info:    ... okay on input line 28.
LaTeX Font Info:    Try loading font information for OT1+ptm on input line 28.

("C:\Program Files\MiKTeX 2.9\tex\latex\psnfss\ot1ptm.fd"
File: ot1ptm.fd 2001/06/04 font definitions for OT1/ptm.
)
("C:\Program Files\MiKTeX 2.9\tex\context\base\supp-pdf.mkii"
[Loading MPS to PDF converter (version 2006.09.02).]
\scratchcounter=\count129
\scratchdimen=\dimen138
\scratchbox=\box58
\nofMPsegments=\count130
\nofMParguments=\count131
\everyMPshowfont=\toks28
\MPscratchCnt=\count132
\MPscratchDim=\dimen139
\MPnumerator=\count133
\makeMPintoPDFobject=\count134
\everyMPtoPDFconversion=\toks29
)
LaTeX Font Info:    Font shape `OT1/ptm/bx/n' in size <17.28> not available
(Font)              Font shape `OT1/ptm/b/n' tried instead on input line 55.
LaTeX Font Info:    Try loading font information for U+msa on input line 55.
 ("C:\Program Files\MiKTeX 2.9\tex\latex\amsfonts\umsa.fd"
File: umsa.fd 2013/01/14 v3.01 AMS symbols A
)
LaTeX Font Info:    Try loading font information for U+msb on input line 55.

("C:\Program Files\MiKTeX 2.9\tex\latex\amsfonts\umsb.fd"
File: umsb.fd 2013/01/14 v3.01 AMS symbols B
)
LaTeX Font Info:    Font shape `OT1/ptm/bx/n' in size <10> not available
(Font)              Font shape `OT1/ptm/b/n' tried instead on input line 55.
LaTeX Font Info:    Font shape `OT1/ptm/bx/n' in size <7> not available
(Font)              Font shape `OT1/ptm/b/n' tried instead on input line 55.
LaTeX Font Info:    Try loading font information for OT1+phv on input line 89.

("C:\Program Files\MiKTeX 2.9\tex\latex\psnfss\ot1phv.fd"
File: ot1phv.fd 2001/06/04 scalable font definitions for OT1/phv.
)
Underfull \vbox (badness 10000) has occurred while \output is active []


Underfull \vbox (badness 10000) has occurred while \output is active []


Underfull \hbox (badness 10000) has occurred while \output is active
[]
 []

[1{C:/ProgramData/MiKTeX/2.9/pdftex/config/pdftex.map}


]
Underfull \hbox (badness 1533) in paragraph at lines 212--236
[]\OT1/ptm/m/n/10 In this work, we present a com-pu-ta-tion-ally ef-fi-cient
 []

[2]
Underfull \hbox (badness 3668) in paragraph at lines 241--251
\OT1/ptm/m/n/10 lous with re-spect to the mean []|   []   [][]|   []
 []


Package amsmath Warning: Foreign command \over;
(amsmath)                \frac or \genfrac should be used instead
(amsmath)                 on input line 291.

[3]
Underfull \hbox (badness 1394) in paragraph at lines 455--467
\OT1/ptm/m/n/10 ob-served data $[][]$ can be ap-prox-i-mated by a set of
 []

[4] [5]
Underfull \hbox (badness 2343) in paragraph at lines 776--791
|   []   |   []   |   []   |   []   |   []   |   []   |   []
 []

[6]
Underfull \vbox (badness 10000) has occurred while \output is active []



LaTeX Warning: Reference `fig:robust-center-results' on page 7 undefined on inp
ut line 916.

[7]

LaTeX Warning: Reference `fig:robust-center-results' on page 8 undefined on inp
ut line 921.


LaTeX Warning: Reference `fig:robust-center-results' on page 8 undefined on inp
ut line 923.


LaTeX Warning: Reference `fig:robust-center-results' on page 8 undefined on inp
ut line 926.


Underfull \hbox (badness 5985) in paragraph at lines 951--978
|   []   |   []   |   []   |   []   |   []   |   []   |   []
 []


Underfull \hbox (badness 1616) in paragraph at lines 951--978
|   []   |   []   |   []   |   []   |   []   |   []   |   []   |   []   |   [][
]$[]$[]|   []   |   []
 []


Underfull \hbox (badness 2932) in paragraph at lines 988--993
|   []   |   []   |   []   |   []   |   []   |   []   |   []   |   []
 []


Underfull \hbox (badness 1831) in paragraph at lines 988--993
|   []   |   []   |   []   |   []   |   []   |   []   |   []   |   []   |   [] 
  |   []   |   []
 []


Underfull \hbox (badness 1132) in paragraph at lines 988--993
|   []   |   []   |   []   |   []   |   []   |   []   |   []   |   []
 []


Underfull \hbox (badness 1173) in paragraph at lines 988--993
|   []   |   []   |   []   |   []   |   []   |   []   |   []   |   []
 []


Underfull \vbox (badness 10000) has occurred while \output is active []

 [8]
Underfull \hbox (badness 1038) in paragraph at lines 1064--1080
\OT1/ptm/m/n/10 (Oliveira Jr. et al., 2013) to con-tinue the anomaly up-
 []


Underfull \hbox (badness 2409) in paragraph at lines 1064--1080
$\OT1/cmr/m/n/10 0\OML/cmm/m/it/10 :\OT1/cmr/m/n/10 00013$$[]$ \OT1/ptm/m/n/10 
and $[]\OML/cmm/m/it/10 I \OT1/cmr/m/n/10 = \OMS/cmsy/m/n/10  \OT1/cmr/m/n/10 7
1\OML/cmm/m/it/10 :\OT1/cmr/m/n/10 41751[] \OMS/cmsy/m/n/10  \OT1/cmr/m/n/10 0
\OML/cmm/m/it/10 :\OT1/cmr/m/n/10 00182$$[]$ \OT1/ptm/m/n/10 and de-cli-na-
 []

[9]
(C:\Users\Vanderlei\Documents\Total-magnetization-of-spherical-bodies\Manuscrip
t\Total_magnetization_estimation_diff.bbl
Underfull \hbox (badness 1997) in paragraph at lines 11--14
[]\OT1/ptm/m/n/9 Almeida, F. F. M.: Rela[][]oes tect[]onicas das rochas al-cali
-nas
 []


Underfull \hbox (badness 2359) in paragraph at lines 54--56
[]\OT1/ptm/m/n/9 Dannemiller, N. and Li, Y.: A new method for de-ter-mi-na-
 []


Underfull \hbox (badness 1596) in paragraph at lines 54--56
\OT1/ptm/m/n/9 tion of mag-ne-ti-za-tion di-rec-tion, Geo-physics, 71, L69--L73
,
 []


Underfull \hbox (badness 2478) in paragraph at lines 58--61
[]\OT1/ptm/m/n/9 Dutra, A. C. and Marangoni, Y. R.: Grav-ity and mag-netic
 []


Underfull \hbox (badness 5161) in paragraph at lines 75--77
\OT1/ptm/m/n/9 formly mag-ne-tized seamounts, Geo-physics, 39, 223--231,
 []


Underfull \hbox (badness 1038) in paragraph at lines 90--95
[]\OT1/ptm/m/n/9 Gerovska, D., Ara[]uzo-Bravo, M. J., and Stavrev, P.: Es-ti-ma
t-
 []


Underfull \hbox (badness 1281) in paragraph at lines 109--113
\OT1/ptm/m/n/9 tion-ships with ex-am-ples from the Goi[]as al-ka-line province,

 []


Underfull \hbox (badness 1303) in paragraph at lines 137--140
[]\OT1/ptm/m/n/9 Marangoni, Y. R. and Man-to-vani, M. S.: Geo-phys-i-cal sig-na
-
 []


Underfull \hbox (badness 5696) in paragraph at lines 137--140
\OT1/ptm/m/n/9 Jour-nal of South Amer-i-can Earth Sci-ences, 41, 83--98,
 []


Underfull \vbox (badness 10000) has occurred while \output is active []

 [10]
Underfull \hbox (badness 2961) in paragraph at lines 168--171
[]\OT1/ptm/m/n/9 Nabighian, M.: To-ward a three-dimensional au-to-matic in-ter-

 []


Underfull \hbox (badness 5578) in paragraph at lines 168--171
\OT1/ptm/m/n/9 pre-ta-tion of po-ten-tial field data via gen-er-al-ized Hilbert

 []


Underfull \hbox (badness 8019) in paragraph at lines 181--183
[]\OT1/ptm/m/n/9 Oliveira Jr., V. C., Bar-bosa, V. C. F., and Uieda, L.:
 []


Underfull \hbox (badness 10000) in paragraph at lines 181--183
\OT1/ptm/m/n/9 Poly-no-mial equiv-a-lent layer, Geo-physics, 78, G1--G13,
 []


Underfull \hbox (badness 1742) in paragraph at lines 228--231
[]\OT1/ptm/m/n/9 Sgarbi, P. B. A. and Gas-par, J. C.: Geo-chem-istry of Santo
 []


Underfull \hbox (badness 1117) in paragraph at lines 228--231
\OT1/ptm/m/n/9 Amer-i-can Earth Sci-ences, 14, 889--901, doi:10.1016/S0895-
 []


Underfull \vbox (badness 10000) has occurred while \output is active []

)
LaTeX Font Info:    Font shape `OT1/ptm/bx/n' in size <9> not available
(Font)              Font shape `OT1/ptm/b/n' tried instead on input line 1188.

Underfull \hbox (badness 1931) in paragraph at lines 1248--1248
[]\OT1/ptm/b/n/9 Table 3. []|   []   |   []   |   []   |   []   |   []   |   []
   |   []   |   []
 []


Underfull \hbox (badness 2452) in paragraph at lines 1248--1248
|   []   |   []   |   []   |   []   |   []   |   []
 []

<Figures/npgd-2014-0069-f01.png, id=49, 241.8636pt x 241.8636pt>
File: Figures/npgd-2014-0069-f01.png Graphic file (type png)

<use Figures/npgd-2014-0069-f01.png>
Package pdftex.def Info: Figures/npgd-2014-0069-f01.png used on input line 1300
.
(pdftex.def)             Requested size: 256.0748pt x 256.0937pt.

Overfull \hbox (14.22638pt too wide) in paragraph at lines 1300--1309
 [][] 
 []

<Figures/npgd-2014-0069-f02.png, id=51, 241.8636pt x 241.8636pt>
File: Figures/npgd-2014-0069-f02.png Graphic file (type png)

<use Figures/npgd-2014-0069-f02.png>
Package pdftex.def Info: Figures/npgd-2014-0069-f02.png used on input line 1314
.
(pdftex.def)             Requested size: 227.62204pt x 227.62491pt.

<Figures/npgd-2014-0069-f03.pdf, id=52, 397.485pt x 628.74902pt>
File: Figures/npgd-2014-0069-f03.pdf Graphic file (type pdf)

<use Figures/npgd-2014-0069-f03.pdf>
Package pdftex.def Info: Figures/npgd-2014-0069-f03.pdf used on input line 1324
.
(pdftex.def)             Requested size: 142.26378pt x 225.0351pt.

<Figures/npgd-2014-0069-f04.png, id=53, 241.8636pt x 355.68884pt>
File: Figures/npgd-2014-0069-f04.png Graphic file (type png)

<use Figures/npgd-2014-0069-f04.png>
Package pdftex.def Info: Figures/npgd-2014-0069-f04.png used on input line 1336
.
(pdftex.def)             Requested size: 193.47873pt x 284.53517pt.

<Figures/npgd-2014-0069-f05.pdf, id=54, 1011.78pt x 865.43326pt>
File: Figures/npgd-2014-0069-f05.pdf Graphic file (type pdf)

<use Figures/npgd-2014-0069-f05.pdf>
Package pdftex.def Info: Figures/npgd-2014-0069-f05.pdf used on input line 1353
.
(pdftex.def)             Requested size: 312.9803pt x 267.7137pt.

<Figures/npgd-2014-0069-f06.pdf, id=55, 578.16pt x 720.89326pt>
File: Figures/npgd-2014-0069-f06.pdf Graphic file (type pdf)

<use Figures/npgd-2014-0069-f06.pdf>
Package pdftex.def Info: Figures/npgd-2014-0069-f06.pdf used on input line 1372
.
(pdftex.def)             Requested size: 227.62204pt x 283.80922pt.

Underfull \hbox (badness 1005) in paragraph at lines 1404--1434
[]|   []   |   []   |   []   |   []   |   []   |   []   |   []   |   []
 []

<Figures/npgd-2014-0069-f08.png, id=56, 803.0pt x 559.08875pt>
File: Figures/npgd-2014-0069-f08.png Graphic file (type png)

<use Figures/npgd-2014-0069-f08.png>
Package pdftex.def Info: Figures/npgd-2014-0069-f08.png used on input line 1439
.
(pdftex.def)             Requested size: 341.43306pt x 237.72473pt.

<Figures/npgd-2014-0069-f09.pdf, id=57, 542.80385pt x 448.67644pt>
File: Figures/npgd-2014-0069-f09.pdf Graphic file (type pdf)

<use Figures/npgd-2014-0069-f09.pdf>
Package pdftex.def Info: Figures/npgd-2014-0069-f09.pdf used on input line 1468
.
(pdftex.def)             Requested size: 341.43306pt x 282.22949pt.

<Figures/npgd-2014-0069-f10.png, id=58, 803.0pt x 157.58875pt>
File: Figures/npgd-2014-0069-f10.png Graphic file (type png)

<use Figures/npgd-2014-0069-f10.png>
Package pdftex.def Info: Figures/npgd-2014-0069-f10.png used on input line 1479
.
(pdftex.def)             Requested size: 341.43306pt x 67.00677pt.

<Figures/npgd-2014-0069-f11.png, id=59, 803.0pt x 458.71375pt>
File: Figures/npgd-2014-0069-f11.png Graphic file (type png)

<use Figures/npgd-2014-0069-f11.png>
Package pdftex.def Info: Figures/npgd-2014-0069-f11.png used on input line 1489
.
(pdftex.def)             Requested size: 341.43306pt x 195.04526pt.

<Figures/npgd-2014-0069-f12.pdf, id=60, 539.68674pt x 465.30104pt>
File: Figures/npgd-2014-0069-f12.pdf Graphic file (type pdf)

<use Figures/npgd-2014-0069-f12.pdf>
Package pdftex.def Info: Figures/npgd-2014-0069-f12.pdf used on input line 1499
.
(pdftex.def)             Requested size: 341.43306pt x 294.38368pt.

<Figures/npgd-2014-0069-f13.png, id=61, 1091.63835pt x 846.5226pt>
File: Figures/npgd-2014-0069-f13.png Graphic file (type png)

<use Figures/npgd-2014-0069-f13.png>
Package pdftex.def Info: Figures/npgd-2014-0069-f13.png used on input line 1509
.
(pdftex.def)             Requested size: 341.43306pt x 264.77016pt.

<Figures/npgd-2014-0069-f14.pdf, id=62, 551.41885pt x 374.31308pt>
File: Figures/npgd-2014-0069-f14.pdf Graphic file (type pdf)

<use Figures/npgd-2014-0069-f14.pdf>
Package pdftex.def Info: Figures/npgd-2014-0069-f14.pdf used on input line 1524
.
(pdftex.def)             Requested size: 341.43306pt x 231.7747pt.

<Figures/npgd-2014-0069-f15.pdf, id=63, 511.94586pt x 706.80057pt>
File: Figures/npgd-2014-0069-f15.pdf Graphic file (type pdf)

<use Figures/npgd-2014-0069-f15.pdf>
Package pdftex.def Info: Figures/npgd-2014-0069-f15.pdf used on input line 1539
.
(pdftex.def)             Requested size: 199.16928pt x 274.97165pt.
 [11] [12 <C:/Users/Vanderlei/Documents/Total-magnetization-of-spherical-bodies
/Manuscript/Figures/npgd-2014-0069-f01.png>] [13 <C:/Users/Vanderlei/Documents/
Total-magnetization-of-spherical-bodies/Manuscript/Figures/npgd-2014-0069-f02.p
ng> <C:/Users/Vanderlei/Documents/Total-magnetization-of-spherical-bodies/Manus
cript/Figures/npgd-2014-0069-f03.pdf> <C:/Users/Vanderlei/Documents/Total-magne
tization-of-spherical-bodies/Manuscript/Figures/npgd-2014-0069-f04.png>] [14 <C
:/Users/Vanderlei/Documents/Total-magnetization-of-spherical-bodies/Manuscript/
Figures/npgd-2014-0069-f05.pdf>] [15


 <C:/Users/Vanderlei/Documents/Total-magnetization-of-spherical-bodies/Manuscri
pt/Figures/npgd-2014-0069-f06.pdf>] [16 <C:/Users/Vanderlei/Documents/Total-mag
netization-of-spherical-bodies/Manuscript/Figures/npgd-2014-0069-f08.png (PNG c
opy)> <C:/Users/Vanderlei/Documents/Total-magnetization-of-spherical-bodies/Man
uscript/Figures/npgd-2014-0069-f09.pdf>] [17 <C:/Users/Vanderlei/Documents/Tota
l-magnetization-of-spherical-bodies/Manuscript/Figures/npgd-2014-0069-f10.png (
PNG copy)> <C:/Users/Vanderlei/Documents/Total-magnetization-of-spherical-bodie
s/Manuscript/Figures/npgd-2014-0069-f11.png (PNG copy)>] [18 <C:/Users/Vanderle
i/Documents/Total-magnetization-of-spherical-bodies/Manuscript/Figures/npgd-201
4-0069-f12.pdf>] [19 <C:/Users/Vanderlei/Documents/Total-magnetization-of-spher
ical-bodies/Manuscript/Figures/npgd-2014-0069-f13.png> <C:/Users/Vanderlei/Docu
ments/Total-magnetization-of-spherical-bodies/Manuscript/Figures/npgd-2014-0069
-f14.pdf>] [20


 <C:/Users/Vanderlei/Documents/Total-magnetization-of-spherical-bodies/Manuscri
pt/Figures/npgd-2014-0069-f15.pdf>]
<Figures/npgd-2014-0069-f16.pdf, id=1778, 551.41885pt x 323.34192pt>
File: Figures/npgd-2014-0069-f16.pdf Graphic file (type pdf)

<use Figures/npgd-2014-0069-f16.pdf>
Package pdftex.def Info: Figures/npgd-2014-0069-f16.pdf used on input line 1558
.
(pdftex.def)             Requested size: 341.43306pt x 200.21335pt.
 [21 <C:/Users/Vanderlei/Documents/Total-magnetization-of-spherical-bodies/Manu
script/Figures/npgd-2014-0069-f16.pdf>]
<Figures/npgd-2014-0069-f17.pdf, id=1954, 542.62563pt x 683.62175pt>
File: Figures/npgd-2014-0069-f17.pdf Graphic file (type pdf)

<use Figures/npgd-2014-0069-f17.pdf>
Package pdftex.def Info: Figures/npgd-2014-0069-f17.pdf used on input line 1576
.
(pdftex.def)             Requested size: 227.62204pt x 286.77495pt.
 [22




 <C:/Users/Vanderlei/Documents/Total-magnetization-of-spherical-bodies/Manuscri
pt/Figures/npgd-2014-0069-f17.pdf>]
(C:\Users\Vanderlei\Documents\Total-magnetization-of-spherical-bodies\Manuscrip
t\Total_magnetization_estimation_diff.aux)

LaTeX Warning: There were undefined references.


LaTeX Warning: Label(s) may have changed. Rerun to get cross-references right.

 ) 
Here is how much of TeX's memory you used:
 4491 strings out of 493921
 58454 string characters out of 3147269
 235980 words of memory out of 3000000
 7660 multiletter control sequences out of 15000+200000
 29444 words of font info for 71 fonts, out of 3000000 for 9000
 841 hyphenation exceptions out of 8191
 35i,21n,34p,380b,357s stack positions out of 5000i,500n,10000p,200000b,50000s
{C:/Program Files/MiKTeX 2.9/fonts/enc/dvips/fontname/8r.enc}<C:/Program File
s/MiKTeX 2.9/fonts/type1/public/amsfonts/cm/cmbx10.pfb><C:/Program Files/MiKTeX
 2.9/fonts/type1/public/amsfonts/cm/cmex10.pfb><C:/Program Files/MiKTeX 2.9/fon
ts/type1/public/amsfonts/cm/cmmi10.pfb><C:/Program Files/MiKTeX 2.9/fonts/type1
/public/amsfonts/cm/cmmi5.pfb><C:/Program Files/MiKTeX 2.9/fonts/type1/public/a
msfonts/cm/cmmi6.pfb><C:/Program Files/MiKTeX 2.9/fonts/type1/public/amsfonts/c
m/cmmi7.pfb><C:/Program Files/MiKTeX 2.9/fonts/type1/public/amsfonts/cm/cmmi9.p
fb><C:/Program Files/MiKTeX 2.9/fonts/type1/public/amsfonts/cm/cmmib10.pfb><C:/
Program Files/MiKTeX 2.9/fonts/type1/public/amsfonts/cmextra/cmmib9.pfb><C:/Pro
gram Files/MiKTeX 2.9/fonts/type1/public/amsfonts/cm/cmr10.pfb><C:/Program File
s/MiKTeX 2.9/fonts/type1/public/amsfonts/cm/cmr5.pfb><C:/Program Files/MiKTeX 2
.9/fonts/type1/public/amsfonts/cm/cmr6.pfb><C:/Program Files/MiKTeX 2.9/fonts/t
ype1/public/amsfonts/cm/cmr7.pfb><C:/Program Files/MiKTeX 2.9/fonts/type1/publi
c/amsfonts/cm/cmr9.pfb><C:/Program Files/MiKTeX 2.9/fonts/type1/public/amsfonts
/cm/cmsy10.pfb><C:/Program Files/MiKTeX 2.9/fonts/type1/public/amsfonts/cm/cmsy
6.pfb><C:/Program Files/MiKTeX 2.9/fonts/type1/public/amsfonts/cm/cmsy7.pfb><C:
/Program Files/MiKTeX 2.9/fonts/type1/public/amsfonts/cm/cmsy9.pfb><C:/Program 
Files/MiKTeX 2.9/fonts/type1/public/amsfonts/latxfont/lasy6.pfb><C:/Program Fil
es/MiKTeX 2.9/fonts/type1/urw/helvetic/uhvr8a.pfb><C:/Program Files/MiKTeX 2.9/
fonts/type1/urw/times/utmb8a.pfb><C:/Program Files/MiKTeX 2.9/fonts/type1/urw/t
imes/utmr8a.pfb><C:/Program Files/MiKTeX 2.9/fonts/type1/urw/times/utmri8a.pfb>

Output written on Total_magnetization_estimation_diff.pdf (22 pages, 4046420 by
tes).
PDF statistics:
 2190 PDF objects out of 2487 (max. 8388607)
 0 named destinations out of 1000 (max. 500000)
 81 words of extra memory for PDF output out of 10000 (max. 10000000)

